Arguments: 
  C:\Program Files\nodejs\node.exe C:\Users\雾月\AppData\Roaming\npm\node_modules\yarn\bin\yarn.js add -D ts-node typescript

PATH: 
  C:\Program Files\PowerShell\7;C:\Windows\system32;C:\Windows;C:\Windows\System32\Wbem;C:\Windows\System32\WindowsPowerShell\v1.0\;C:\Windows\System32\OpenSSH\;C:\Program Files\nodejs\;C:\Program Files\Git\cmd;C:\Program Files\Docker\Docker\resources\bin;C:\ProgramData\DockerDesktop\version-bin;C:\Program Files (x86)\NVIDIA Corporation\PhysX\Common;C:\Program Files\NVIDIA Corporation\NVIDIA NvDLISR;C:\Program Files\PowerShell\7\;C:\Users\雾月\.cargo\bin;C:\Users\雾月\AppData\Local\Microsoft\WindowsApps;;C:\Users\雾月\AppData\Local\Programs\Microsoft VS Code\bin;C:\Users\雾月\AppData\Roaming\npm

Yarn version: 
  1.22.10

Node version: 
  14.15.4

Platform: 
  win32 x64

Trace: 
  Error: https://registry.yarnpkg.com/ts-node: tunneling socket could not be established, cause=connect ECONNREFUSED 127.0.0.1:8002
      at ClientRequest.onError (C:\Users\雾月\AppData\Roaming\npm\node_modules\yarn\lib\cli.js:152235:17)
      at Object.onceWrapper (events.js:422:26)
      at ClientRequest.emit (events.js:315:20)
      at Socket.socketErrorListener (_http_client.js:469:9)
      at Socket.emit (events.js:315:20)
      at emitErrorNT (internal/streams/destroy.js:106:8)
      at emitErrorCloseNT (internal/streams/destroy.js:74:3)
      at processTicksAndRejections (internal/process/task_queues.js:80:21)

npm manifest: 
  {
    "name": "the-super-tiny-compiler",
    "version": "1.0.0",
    "author": "James Kyle <me@thejameskyle.com> (thejameskyle.com)",
    "license": "CC-BY-4.0",
    "main": "./the-super-tiny-compiler.js"
  }

yarn manifest: 
  No manifest

Lockfile: 
  No lockfile
